Thu Oct 22 22:46:55 CEST 2015 : Apache Derby Network Server - 10.12.1.1 - (1704137) started and ready to accept connections on port 1527
----------------------------------------------------------------
Thu Oct 22 22:49:06 CEST 2015:
Booting Derby version The Apache Software Foundation - Apache Derby - 10.12.1.1 - (1704137): instance a816c00e-0150-914d-ec1e-ffff87a471e5 
on database directory /home/caesarhao/workspace/AgileDoctorDB/db/sgame with class loader sun.misc.Launcher$AppClassLoader@6e0be858 
Loaded from file:/opt/db-derby-10.12.1.1-bin/lib/derby.jar
java.vendor=Oracle Corporation
java.runtime.version=1.8.0_60-b27
user.dir=/home/caesarhao/workspace/AgileDoctorDB/db
os.name=Linux
os.arch=amd64
os.version=4.2.3-200.fc22.x86_64
derby.system.home=/home/caesarhao/workspace/AgileDoctorDB/db
Database Class Loader started - derby.database.classpath=''
----------------------------------------------------------------
Thu Oct 22 22:52:11 CEST 2015:
Shutting down instance a816c00e-0150-914d-ec1e-ffff87a471e5 on database directory /home/caesarhao/workspace/AgileDoctorDB/db/sgame with class loader sun.misc.Launcher$AppClassLoader@6e0be858 
Thu Oct 22 22:52:11 CEST 2015 Thread[DRDAConnThread_3,5,main] (DATABASE = sgame), (DRDAID = {2}), Database 'sgame' shutdown.
----------------------------------------------------------------
Thu Oct 22 22:52:13 CEST 2015:
Booting Derby version The Apache Software Foundation - Apache Derby - 10.12.1.1 - (1704137): instance 921800c1-0150-914d-ec1e-ffff87a471e5 
on database directory /home/caesarhao/workspace/AgileDoctorDB/db/sgame with class loader sun.misc.Launcher$AppClassLoader@6e0be858 
Loaded from file:/opt/db-derby-10.12.1.1-bin/lib/derby.jar
java.vendor=Oracle Corporation
java.runtime.version=1.8.0_60-b27
user.dir=/home/caesarhao/workspace/AgileDoctorDB/db
os.name=Linux
os.arch=amd64
os.version=4.2.3-200.fc22.x86_64
derby.system.home=/home/caesarhao/workspace/AgileDoctorDB/db
Database Class Loader started - derby.database.classpath=''
----------------------------------------------------------------
Thu Oct 22 23:18:38 CEST 2015:
Shutting down instance 921800c1-0150-914d-ec1e-ffff87a471e5 on database directory /home/caesarhao/workspace/AgileDoctorDB/db/sgame with class loader sun.misc.Launcher$AppClassLoader@6e0be858 
Thu Oct 22 23:18:38 CEST 2015 Thread[DRDAConnThread_4,5,main] (DATABASE = sgame), (DRDAID = {7}), Database 'sgame' shutdown.
----------------------------------------------------------------
Thu Oct 22 23:18:39 CEST 2015:
Booting Derby version The Apache Software Foundation - Apache Derby - 10.12.1.1 - (1704137): instance f526c18e-0150-914d-ec1e-ffff87a471e5 
on database directory /home/caesarhao/workspace/AgileDoctorDB/db/sgame with class loader sun.misc.Launcher$AppClassLoader@6e0be858 
Loaded from file:/opt/db-derby-10.12.1.1-bin/lib/derby.jar
java.vendor=Oracle Corporation
java.runtime.version=1.8.0_60-b27
user.dir=/home/caesarhao/workspace/AgileDoctorDB/db
os.name=Linux
os.arch=amd64
os.version=4.2.3-200.fc22.x86_64
derby.system.home=/home/caesarhao/workspace/AgileDoctorDB/db
Database Class Loader started - derby.database.classpath=''
----------------------------------------------------------------
Fri Oct 23 00:09:37 CEST 2015:
Shutting down instance f526c18e-0150-914d-ec1e-ffff87a471e5 on database directory /home/caesarhao/workspace/AgileDoctorDB/db/sgame with class loader sun.misc.Launcher$AppClassLoader@6e0be858 
Fri Oct 23 00:09:38 CEST 2015 Thread[DRDAConnThread_5,5,main] (DATABASE = sgame), (DRDAID = {12}), Database 'sgame' shutdown.
